<?xml version="1.0" encoding="UTF-8"?>
<!-- Generated by org.testng.reporters.JUnitReportReporter -->
<testsuite skipped="0" hostname="bogon" name="com.qa.tests.PostApiTest" tests="1" failures="0" timestamp="09 四月 2019 05:32:10 GMT" time="6.335" errors="0">
  <testcase name="postApiTest" time="6.335" classname="com.qa.tests.PostApiTest"/>
</testsuite> <!-- com.qa.tests.PostApiTest -->
