<?xml version="1.0" encoding="UTF-8"?>
<!-- Generated by org.testng.reporters.JUnitReportReporter -->
<testsuite skipped="0" hostname="bogon" name="com.qa.tests.GetApiTest" tests="1" failures="0" timestamp="09 四月 2019 05:32:10 GMT" time="0.065" errors="0">
  <testcase name="getApiTest" time="0.065" classname="com.qa.tests.GetApiTest"/>
</testsuite> <!-- com.qa.tests.GetApiTest -->
